Using pre-set license
Built from '2020.3/china_unity/release' branch; Version is '2020.3.9f1c1 (ef65345766d1) revision 15689012'; Using compiler version '192528614'; Build Type 'Release'
OS: 'Windows 10 Home China; OS build 19042.985; Version 2009; 64bit' Language: 'zh' Physical Memory: 16319 MB
BatchMode: 1, IsHumanControllingUs: 0, StartBugReporterOnCrash: 0, Is64bit: 1, IsPro: 0

 COMMAND LINE ARGUMENTS:
E:\Unity\2020.3.9f1c1\Editor\Unity.exe
-adb2
-batchMode
-noUpm
-name
AssetImportWorker0
-projectPath
D:/Unity Game/Unity
-logFile
Logs/AssetImportWorker0.log
-srvPort
53491
Successfully changed project path to: D:/Unity Game/Unity
D:/Unity Game/Unity
Using Asset Import Pipeline V2.
Refreshing native plugins compatible for Editor in 46.17 ms, found 1 plugins.
Preloading 0 native plugins for Editor in 0.00 ms.
Initialize engine version: 2020.3.9f1c1 (ef65345766d1)
[Subsystems] Discovering subsystems at path E:/Unity/2020.3.9f1c1/Editor/Data/Resources/UnitySubsystems
[Subsystems] Discovering subsystems at path D:/Unity Game/Unity/Assets
GfxDevice: creating device client; threaded=0
Direct3D:
    Version:  Direct3D 11.0 [level 11.1]
    Renderer: NVIDIA GeForce GTX 1660 (ID=0x2184)
    Vendor:   
    VRAM:     5991 MB
    Driver:   27.21.14.6089
Initialize mono
Mono path[0] = 'E:/Unity/2020.3.9f1c1/Editor/Data/Managed'
Mono path[1] = 'E:/Unity/2020.3.9f1c1/Editor/Data/MonoBleedingEdge/lib/mono/unityjit'
Mono config path = 'E:/Unity/2020.3.9f1c1/Editor/Data/MonoBleedingEdge/etc'
Using monoOptions --debugger-agent=transport=dt_socket,embedding=1,server=y,suspend=n,address=127.0.0.1:56492
Begin MonoManager ReloadAssembly
Registering precompiled unity dll's ...
Register platform support module: E:/Unity/2020.3.9f1c1/Editor/Data/PlaybackEngines/WindowsStandaloneSupport/UnityEditor.WindowsStandalone.Extensions.dll
Registered in 0.000979 seconds.
Native extension for WindowsStandalone target not found
Refreshing native plugins compatible for Editor in 36.75 ms, found 1 plugins.
Preloading 0 native plugins for Editor in 0.00 ms.
Mono: successfully reloaded assembly
- Completed reload, in  0.701 seconds
Platform modules already initialized, skipping
Registering precompiled user dll's ...
Registered in 0.000660 seconds.
Begin MonoManager ReloadAssembly
Native extension for WindowsStandalone target not found
Refreshing native plugins compatible for Editor in 35.34 ms, found 1 plugins.
Preloading 0 native plugins for Editor in 0.00 ms.
Mono: successfully reloaded assembly
- Completed reload, in  0.851 seconds
Platform modules already initialized, skipping
========================================================================
Worker process is ready to serve import requests
Launched and connected shader compiler UnityShaderCompiler.exe after 0.05 seconds
Refreshing native plugins compatible for Editor in 0.35 ms, found 1 plugins.
Preloading 0 native plugins for Editor in 0.00 ms.
Unloading 1959 Unused Serialized files (Serialized files now loaded: 0)
System memory in use before: 92.5 MB.
System memory in use after: 92.6 MB.

Unloading 20 unused Assets to reduce memory usage. Loaded Objects now: 2407.
Total: 1.827500 ms (FindLiveObjects: 0.160200 ms CreateObjectMapping: 0.064000 ms MarkObjects: 1.547000 ms  DeleteObjects: 0.055400 ms)

========================================================================
Received Import Request.
  path: Assets/Scripts/PlayerController.cs
  artifactKey: Guid(62278f43e19f55b418831e90840f610c) Importer(815301076,1909f56bfc062723c751e8b465ee728b)
Start importing Assets/Scripts/PlayerController.cs using Guid(62278f43e19f55b418831e90840f610c) Importer(815301076,1909f56bfc062723c751e8b465ee728b)  -> (artifact id: 'a6cc0579e9c2fd0ff2614a6ff46282a2') in 0.025203 seconds
  Import took 0.027690 seconds .

========================================================================
Received Prepare
Registering precompiled user dll's ...
Registered in 0.000712 seconds.
Begin MonoManager ReloadAssembly
Native extension for WindowsStandalone target not found
Refreshing native plugins compatible for Editor in 0.35 ms, found 1 plugins.
Preloading 0 native plugins for Editor in 0.00 ms.
Mono: successfully reloaded assembly
- Completed reload, in  0.766 seconds
Platform modules already initialized, skipping
Refreshing native plugins compatible for Editor in 0.36 ms, found 1 plugins.
Preloading 0 native plugins for Editor in 0.00 ms.
Unloading 1947 Unused Serialized files (Serialized files now loaded: 0)
System memory in use before: 91.9 MB.
System memory in use after: 92.0 MB.

Unloading 8 unused Assets to reduce memory usage. Loaded Objects now: 2411.
Total: 1.700000 ms (FindLiveObjects: 0.158100 ms CreateObjectMapping: 0.063900 ms MarkObjects: 1.464500 ms  DeleteObjects: 0.012700 ms)

========================================================================
Received Import Request.
  Time since last request: 54.284266 seconds.
  path: Assets/Scripts/PlayerController.cs
  artifactKey: Guid(62278f43e19f55b418831e90840f610c) Importer(815301076,1909f56bfc062723c751e8b465ee728b)
Start importing Assets/Scripts/PlayerController.cs using Guid(62278f43e19f55b418831e90840f610c) Importer(815301076,1909f56bfc062723c751e8b465ee728b)  -> (artifact id: '6654b23b6e4bc14c7d73efa4abbae322') in 0.003871 seconds
  Import took 0.006591 seconds .

========================================================================
Received Import Request.
  Time since last request: 0.000716 seconds.
  path: Assets/Scripts/PlayerController.cs
  artifactKey: Guid(62278f43e19f55b418831e90840f610c) Importer(815301076,1909f56bfc062723c751e8b465ee728b)
Start importing Assets/Scripts/PlayerController.cs using Guid(62278f43e19f55b418831e90840f610c) Importer(815301076,1909f56bfc062723c751e8b465ee728b)  -> (artifact id: '6654b23b6e4bc14c7d73efa4abbae322') in 0.001727 seconds
  Import took 0.004175 seconds .

========================================================================
Received Prepare
Registering precompiled user dll's ...
Registered in 0.000722 seconds.
Begin MonoManager ReloadAssembly
Native extension for WindowsStandalone target not found
Refreshing native plugins compatible for Editor in 0.37 ms, found 1 plugins.
Preloading 0 native plugins for Editor in 0.00 ms.
Mono: successfully reloaded assembly
- Completed reload, in  0.754 seconds
Platform modules already initialized, skipping
Refreshing native plugins compatible for Editor in 0.36 ms, found 1 plugins.
Preloading 0 native plugins for Editor in 0.00 ms.
Unloading 1947 Unused Serialized files (Serialized files now loaded: 0)
System memory in use before: 91.9 MB.
System memory in use after: 92.0 MB.

Unloading 8 unused Assets to reduce memory usage. Loaded Objects now: 2415.
Total: 1.859800 ms (FindLiveObjects: 0.171700 ms CreateObjectMapping: 0.073200 ms MarkObjects: 1.599200 ms  DeleteObjects: 0.014700 ms)

========================================================================
Received Prepare
Registering precompiled user dll's ...
Registered in 0.000729 seconds.
Begin MonoManager ReloadAssembly
Native extension for WindowsStandalone target not found
Refreshing native plugins compatible for Editor in 0.37 ms, found 1 plugins.
Preloading 0 native plugins for Editor in 0.00 ms.
Mono: successfully reloaded assembly
- Completed reload, in  0.807 seconds
Platform modules already initialized, skipping
Refreshing native plugins compatible for Editor in 0.39 ms, found 1 plugins.
Preloading 0 native plugins for Editor in 0.00 ms.
Unloading 1947 Unused Serialized files (Serialized files now loaded: 0)
System memory in use before: 91.9 MB.
System memory in use after: 92.1 MB.

Unloading 8 unused Assets to reduce memory usage. Loaded Objects now: 2419.
Total: 1.794700 ms (FindLiveObjects: 0.168000 ms CreateObjectMapping: 0.073200 ms MarkObjects: 1.539000 ms  DeleteObjects: 0.013600 ms)

========================================================================
Received Prepare
Registering precompiled user dll's ...
Registered in 0.000699 seconds.
Begin MonoManager ReloadAssembly
Native extension for WindowsStandalone target not found
Refreshing native plugins compatible for Editor in 0.35 ms, found 1 plugins.
Preloading 0 native plugins for Editor in 0.00 ms.
Mono: successfully reloaded assembly
- Completed reload, in  0.769 seconds
Platform modules already initialized, skipping
Refreshing native plugins compatible for Editor in 0.37 ms, found 1 plugins.
Preloading 0 native plugins for Editor in 0.00 ms.
Unloading 1947 Unused Serialized files (Serialized files now loaded: 0)
System memory in use before: 92.0 MB.
System memory in use after: 92.1 MB.

Unloading 8 unused Assets to reduce memory usage. Loaded Objects now: 2423.
Total: 2.194200 ms (FindLiveObjects: 0.217700 ms CreateObjectMapping: 0.090700 ms MarkObjects: 1.841600 ms  DeleteObjects: 0.042800 ms)

========================================================================
Received Import Request.
  Time since last request: 187.090111 seconds.
  path: Assets/Sunnyland/artwork/Sprites/Enemies/eagle/eagle-attack-1.png
  artifactKey: Guid(f240dfd4814d34d55a9b033f3c9d8a60) Importer(815301076,1909f56bfc062723c751e8b465ee728b)
Start importing Assets/Sunnyland/artwork/Sprites/Enemies/eagle/eagle-attack-1.png using Guid(f240dfd4814d34d55a9b033f3c9d8a60) Importer(815301076,1909f56bfc062723c751e8b465ee728b)  -> (artifact id: 'ce50bf40f15204f0099bd083e17fa7f4') in 0.075026 seconds
  Import took 0.077790 seconds .

========================================================================
Received Import Request.
  Time since last request: 0.000319 seconds.
  path: Assets/Sunnyland/artwork/Sprites/Enemies/eagle/eagle-attack-4.png
  artifactKey: Guid(63301056ddf5f4841800915f26c302d2) Importer(815301076,1909f56bfc062723c751e8b465ee728b)
Start importing Assets/Sunnyland/artwork/Sprites/Enemies/eagle/eagle-attack-4.png using Guid(63301056ddf5f4841800915f26c302d2) Importer(815301076,1909f56bfc062723c751e8b465ee728b)  -> (artifact id: '32972b2234ea1a22b372b8ed887bf9de') in 0.007028 seconds
  Import took 0.009692 seconds .

========================================================================
Received Import Request.
  Time since last request: 0.000212 seconds.
  path: Assets/Sunnyland/artwork/Sprites/Enemies/eagle/eagle-attack-3.png
  artifactKey: Guid(36ec151523b4340ef982c2e9eb0af881) Importer(815301076,1909f56bfc062723c751e8b465ee728b)
Start importing Assets/Sunnyland/artwork/Sprites/Enemies/eagle/eagle-attack-3.png using Guid(36ec151523b4340ef982c2e9eb0af881) Importer(815301076,1909f56bfc062723c751e8b465ee728b)  -> (artifact id: '64726f3f2f03c2ead4035dd3f43e2ee4') in 0.013951 seconds
  Import took 0.016761 seconds .

========================================================================
Received Import Request.
  Time since last request: 0.000248 seconds.
  path: Assets/Sunnyland/artwork/Sprites/Enemies/eagle/eagle-attack-2.png
  artifactKey: Guid(c97786e9459b34e058449b84cd9aab61) Importer(815301076,1909f56bfc062723c751e8b465ee728b)
Start importing Assets/Sunnyland/artwork/Sprites/Enemies/eagle/eagle-attack-2.png using Guid(c97786e9459b34e058449b84cd9aab61) Importer(815301076,1909f56bfc062723c751e8b465ee728b)  -> (artifact id: 'd286a563d961d9d2a790cd0748f283e0') in 0.012550 seconds
  Import took 0.015255 seconds .

========================================================================
Received Import Request.
  Time since last request: 7.188305 seconds.
  path: Assets/Sunnyland/artwork/Sprites/Enemies/eagle/eagle-attack-1.png
  artifactKey: Guid(f240dfd4814d34d55a9b033f3c9d8a60) Importer(815301076,1909f56bfc062723c751e8b465ee728b)
Start importing Assets/Sunnyland/artwork/Sprites/Enemies/eagle/eagle-attack-1.png using Guid(f240dfd4814d34d55a9b033f3c9d8a60) Importer(815301076,1909f56bfc062723c751e8b465ee728b)  -> (artifact id: '384e4c53bc16170d0fc69cf4e7b15057') in 0.009136 seconds
  Import took 0.012135 seconds .

========================================================================
Received Import Request.
  Time since last request: 0.000286 seconds.
  path: Assets/Sunnyland/artwork/Sprites/Enemies/eagle/eagle-attack-4.png
  artifactKey: Guid(63301056ddf5f4841800915f26c302d2) Importer(815301076,1909f56bfc062723c751e8b465ee728b)
Start importing Assets/Sunnyland/artwork/Sprites/Enemies/eagle/eagle-attack-4.png using Guid(63301056ddf5f4841800915f26c302d2) Importer(815301076,1909f56bfc062723c751e8b465ee728b)  -> (artifact id: 'fa80d76dc8cd8c786fcbb47e8527e119') in 0.010525 seconds
  Import took 0.013423 seconds .

========================================================================
Received Import Request.
  Time since last request: 0.000277 seconds.
  path: Assets/Sunnyland/artwork/Sprites/Enemies/eagle/eagle-attack-3.png
  artifactKey: Guid(36ec151523b4340ef982c2e9eb0af881) Importer(815301076,1909f56bfc062723c751e8b465ee728b)
Start importing Assets/Sunnyland/artwork/Sprites/Enemies/eagle/eagle-attack-3.png using Guid(36ec151523b4340ef982c2e9eb0af881) Importer(815301076,1909f56bfc062723c751e8b465ee728b)  -> (artifact id: 'a923219d554e196943cbc0420210b156') in 0.008565 seconds
  Import took 0.011385 seconds .

========================================================================
Received Import Request.
  Time since last request: 0.000349 seconds.
  path: Assets/Sunnyland/artwork/Sprites/Enemies/eagle/eagle-attack-2.png
  artifactKey: Guid(c97786e9459b34e058449b84cd9aab61) Importer(815301076,1909f56bfc062723c751e8b465ee728b)
Start importing Assets/Sunnyland/artwork/Sprites/Enemies/eagle/eagle-attack-2.png using Guid(c97786e9459b34e058449b84cd9aab61) Importer(815301076,1909f56bfc062723c751e8b465ee728b)  -> (artifact id: '28861b84d817a13e41fc5b224e3b72fa') in 0.008201 seconds
  Import took 0.011159 seconds .

========================================================================
Received Import Request.
  Time since last request: 73.826899 seconds.
  path: Assets/Animation
  artifactKey: Guid(322d340cddc368e4e82fda4a40c9a9c7) Importer(815301076,1909f56bfc062723c751e8b465ee728b)
Start importing Assets/Animation using Guid(322d340cddc368e4e82fda4a40c9a9c7) Importer(815301076,1909f56bfc062723c751e8b465ee728b)  -> (artifact id: 'c1737fede19c111734a894ea14653cf6') in 0.002306 seconds
  Import took 0.005389 seconds .

========================================================================
Received Import Request.
  Time since last request: 0.000794 seconds.
  path: Assets/Animation
  artifactKey: Guid(322d340cddc368e4e82fda4a40c9a9c7) Importer(815301076,1909f56bfc062723c751e8b465ee728b)
Start importing Assets/Animation using Guid(322d340cddc368e4e82fda4a40c9a9c7) Importer(815301076,1909f56bfc062723c751e8b465ee728b)  -> (artifact id: 'c1737fede19c111734a894ea14653cf6') in 0.001997 seconds
  Import took 0.005044 seconds .

========================================================================
Received Import Request.
  Time since last request: 1.001469 seconds.
  path: Assets/Animation/Enemy
  artifactKey: Guid(c0d7c508d67b34f429e7658c8d3c8ae4) Importer(815301076,1909f56bfc062723c751e8b465ee728b)
Start importing Assets/Animation/Enemy using Guid(c0d7c508d67b34f429e7658c8d3c8ae4) Importer(815301076,1909f56bfc062723c751e8b465ee728b)  -> (artifact id: 'd1fcbb09491df49013a3701530e036b0') in 0.002346 seconds
  Import took 0.005251 seconds .

========================================================================
Received Import Request.
  Time since last request: 0.000889 seconds.
  path: Assets/Animation/Enemy
  artifactKey: Guid(c0d7c508d67b34f429e7658c8d3c8ae4) Importer(815301076,1909f56bfc062723c751e8b465ee728b)
Start importing Assets/Animation/Enemy using Guid(c0d7c508d67b34f429e7658c8d3c8ae4) Importer(815301076,1909f56bfc062723c751e8b465ee728b)  -> (artifact id: 'd1fcbb09491df49013a3701530e036b0') in 0.001688 seconds
  Import took 0.004380 seconds .

========================================================================
Received Import Request.
  Time since last request: 11.241390 seconds.
  path: Assets/Animation/Enemy/Eagle.controller
  artifactKey: Guid(c0327bf8d03432242ac387cf10556b78) Importer(815301076,1909f56bfc062723c751e8b465ee728b)
Start importing Assets/Animation/Enemy/Eagle.controller using Guid(c0327bf8d03432242ac387cf10556b78) Importer(815301076,1909f56bfc062723c751e8b465ee728b)  -> (artifact id: '033f513c92247c05190e7678503bd30f') in 0.005518 seconds
  Import took 0.008647 seconds .

========================================================================
Received Import Request.
  Time since last request: 0.001164 seconds.
  path: Assets/Animation/Enemy/Eagle.controller
  artifactKey: Guid(c0327bf8d03432242ac387cf10556b78) Importer(815301076,1909f56bfc062723c751e8b465ee728b)
Start importing Assets/Animation/Enemy/Eagle.controller using Guid(c0327bf8d03432242ac387cf10556b78) Importer(815301076,1909f56bfc062723c751e8b465ee728b)  -> (artifact id: '033f513c92247c05190e7678503bd30f') in 0.002157 seconds
  Import took 0.005226 seconds .

========================================================================
Received Prepare
Registering precompiled user dll's ...
Registered in 0.000731 seconds.
Begin MonoManager ReloadAssembly
Native extension for WindowsStandalone target not found
Refreshing native plugins compatible for Editor in 0.36 ms, found 1 plugins.
Preloading 0 native plugins for Editor in 0.00 ms.
Mono: successfully reloaded assembly
- Completed reload, in  0.787 seconds
Platform modules already initialized, skipping
Refreshing native plugins compatible for Editor in 0.35 ms, found 1 plugins.
Preloading 0 native plugins for Editor in 0.00 ms.
Unloading 1948 Unused Serialized files (Serialized files now loaded: 0)
System memory in use before: 95.1 MB.
System memory in use after: 95.2 MB.

Unloading 8 unused Assets to reduce memory usage. Loaded Objects now: 2434.
Total: 1.848200 ms (FindLiveObjects: 0.167500 ms CreateObjectMapping: 0.067700 ms MarkObjects: 1.597600 ms  DeleteObjects: 0.014600 ms)

========================================================================
Received Import Request.
  Time since last request: 1872.250253 seconds.
  path: Assets/Scripts/Enemy_Eagle.cs
  artifactKey: Guid(2a816be7fd33787459c3b3dfd112679f) Importer(815301076,1909f56bfc062723c751e8b465ee728b)
Start importing Assets/Scripts/Enemy_Eagle.cs using Guid(2a816be7fd33787459c3b3dfd112679f) Importer(815301076,1909f56bfc062723c751e8b465ee728b)  -> (artifact id: 'b261f974762392f1fda63bd9594b6dca') in 0.004964 seconds
  Import took 0.008198 seconds .

========================================================================
Received Import Request.
  Time since last request: 48.115029 seconds.
  path: Assets/Enemy_Eagle.cs
  artifactKey: Guid(b625fd82446bb444e91b0b06ed0329bc) Importer(815301076,1909f56bfc062723c751e8b465ee728b)
Start importing Assets/Enemy_Eagle.cs using Guid(b625fd82446bb444e91b0b06ed0329bc) Importer(815301076,1909f56bfc062723c751e8b465ee728b)  -> (artifact id: '61d4cfdbc7229abef50ab5372618cc69') in 0.001768 seconds
  Import took 0.004568 seconds .

========================================================================
Received Prepare
Registering precompiled user dll's ...
Registered in 0.000759 seconds.
Begin MonoManager ReloadAssembly
Native extension for WindowsStandalone target not found
Refreshing native plugins compatible for Editor in 0.35 ms, found 1 plugins.
Preloading 0 native plugins for Editor in 0.00 ms.
Mono: successfully reloaded assembly
- Completed reload, in  0.774 seconds
Platform modules already initialized, skipping
Refreshing native plugins compatible for Editor in 0.35 ms, found 1 plugins.
Preloading 0 native plugins for Editor in 0.00 ms.
Unloading 1948 Unused Serialized files (Serialized files now loaded: 0)
System memory in use before: 95.1 MB.
System memory in use after: 95.2 MB.

Unloading 8 unused Assets to reduce memory usage. Loaded Objects now: 2438.
Total: 1.879600 ms (FindLiveObjects: 0.177300 ms CreateObjectMapping: 0.091300 ms MarkObjects: 1.596700 ms  DeleteObjects: 0.013400 ms)

========================================================================
Received Prepare
Registering precompiled user dll's ...
Registered in 0.000745 seconds.
Begin MonoManager ReloadAssembly
Native extension for WindowsStandalone target not found
Refreshing native plugins compatible for Editor in 0.36 ms, found 1 plugins.
Preloading 0 native plugins for Editor in 0.00 ms.
Mono: successfully reloaded assembly
- Completed reload, in  0.771 seconds
Platform modules already initialized, skipping
Refreshing native plugins compatible for Editor in 0.35 ms, found 1 plugins.
Preloading 0 native plugins for Editor in 0.00 ms.
Unloading 1948 Unused Serialized files (Serialized files now loaded: 0)
System memory in use before: 95.1 MB.
System memory in use after: 95.2 MB.

Unloading 8 unused Assets to reduce memory usage. Loaded Objects now: 2442.
Total: 2.066300 ms (FindLiveObjects: 0.155500 ms CreateObjectMapping: 0.062100 ms MarkObjects: 1.834200 ms  DeleteObjects: 0.013700 ms)

========================================================================
Received Prepare
Registering precompiled user dll's ...
Registered in 0.000712 seconds.
Begin MonoManager ReloadAssembly
Native extension for WindowsStandalone target not found
Refreshing native plugins compatible for Editor in 0.51 ms, found 1 plugins.
Preloading 0 native plugins for Editor in 0.00 ms.
Mono: successfully reloaded assembly
- Completed reload, in  0.760 seconds
Platform modules already initialized, skipping
Refreshing native plugins compatible for Editor in 0.36 ms, found 1 plugins.
Preloading 0 native plugins for Editor in 0.00 ms.
Unloading 1948 Unused Serialized files (Serialized files now loaded: 0)
System memory in use before: 95.1 MB.
System memory in use after: 95.2 MB.

Unloading 8 unused Assets to reduce memory usage. Loaded Objects now: 2446.
Total: 1.800000 ms (FindLiveObjects: 0.168600 ms CreateObjectMapping: 0.064500 ms MarkObjects: 1.552000 ms  DeleteObjects: 0.013900 ms)

========================================================================
Received Prepare
Registering precompiled user dll's ...
Registered in 0.000726 seconds.
Begin MonoManager ReloadAssembly
Native extension for WindowsStandalone target not found
Refreshing native plugins compatible for Editor in 0.39 ms, found 1 plugins.
Preloading 0 native plugins for Editor in 0.00 ms.
Mono: successfully reloaded assembly
- Completed reload, in  0.804 seconds
Platform modules already initialized, skipping
Refreshing native plugins compatible for Editor in 0.36 ms, found 1 plugins.
Preloading 0 native plugins for Editor in 0.00 ms.
Unloading 1948 Unused Serialized files (Serialized files now loaded: 0)
System memory in use before: 95.1 MB.
System memory in use after: 95.2 MB.

Unloading 8 unused Assets to reduce memory usage. Loaded Objects now: 2450.
Total: 1.763600 ms (FindLiveObjects: 0.170100 ms CreateObjectMapping: 0.064300 ms MarkObjects: 1.515000 ms  DeleteObjects: 0.013100 ms)

AssetImportWorkerClient::OnTransportError - code=2 error=End of file
